(node:4372) [DEP0169] DeprecationWarning: `url.parse()` behavior is not standardized and prone to errors that have security implications. Use the WHATWG URL API instead. CVEs are not issued for `url.parse()` vulnerabilities.
(Use `node --trace-deprecation ...` to show where the warning was created)
(node:17656) [DEP0169] DeprecationWarning: `url.parse()` behavior is not standardized and prone to errors that have security implications. Use the WHATWG URL API instead. CVEs are not issued for `url.parse()` vulnerabilities.
(Use `node --trace-deprecation ...` to show where the warning was created)
Error: listen EADDRINUSE: address already in use :::4000
    at Server.setupListenHandle [as _listen2] (node:net:1948:16)
    at listenInCluster (node:net:2005:12)
    at Server.listen (node:net:2110:7)
    at app.listen (D:\123\server\node_modules\express\lib\application.js:635:24)
    at start (D:\123\server\src\index.ts:14:7)
    at processTicksAndRejections (node:internal/process/task_queues:104:5)
(node:16640) [DEP0169] DeprecationWarning: `url.parse()` behavior is not standardized and prone to errors that have security implications. Use the WHATWG URL API instead. CVEs are not issued for `url.parse()` vulnerabilities.
(Use `node --trace-deprecation ...` to show where the warning was created)
Error: listen EADDRINUSE: address already in use :::4000
    at Server.setupListenHandle [as _listen2] (node:net:1948:16)
    at listenInCluster (node:net:2005:12)
    at Server.listen (node:net:2110:7)
    at app.listen (D:\123\server\node_modules\express\lib\application.js:635:24)
    at start (D:\123\server\src\index.ts:14:7)
    at processTicksAndRejections (node:internal/process/task_queues:104:5)
(node:30860) [DEP0169] DeprecationWarning: `url.parse()` behavior is not standardized and prone to errors that have security implications. Use the WHATWG URL API instead. CVEs are not issued for `url.parse()` vulnerabilities.
(Use `node --trace-deprecation ...` to show where the warning was created)
Error: listen EADDRINUSE: address already in use :::4000
    at Server.setupListenHandle [as _listen2] (node:net:1948:16)
    at listenInCluster (node:net:2005:12)
    at Server.listen (node:net:2110:7)
    at app.listen (D:\123\server\node_modules\express\lib\application.js:635:24)
    at start (D:\123\server\src\index.ts:14:7)
    at processTicksAndRejections (node:internal/process/task_queues:104:5)
(node:27468) [DEP0169] DeprecationWarning: `url.parse()` behavior is not standardized and prone to errors that have security implications. Use the WHATWG URL API instead. CVEs are not issued for `url.parse()` vulnerabilities.
(Use `node --trace-deprecation ...` to show where the warning was created)
(node:9308) [DEP0169] DeprecationWarning: `url.parse()` behavior is not standardized and prone to errors that have security implications. Use the WHATWG URL API instead. CVEs are not issued for `url.parse()` vulnerabilities.
(Use `node --trace-deprecation ...` to show where the warning was created)
Error: listen EADDRINUSE: address already in use :::4000
    at Server.setupListenHandle [as _listen2] (node:net:1948:16)
    at listenInCluster (node:net:2005:12)
    at Server.listen (node:net:2110:7)
    at app.listen (D:\123\server\node_modules\express\lib\application.js:635:24)
    at start (D:\123\server\src\index.ts:14:7)
    at processTicksAndRejections (node:internal/process/task_queues:104:5)
(node:29752) [DEP0169] DeprecationWarning: `url.parse()` behavior is not standardized and prone to errors that have security implications. Use the WHATWG URL API instead. CVEs are not issued for `url.parse()` vulnerabilities.
(Use `node --trace-deprecation ...` to show where the warning was created)
Error: listen EADDRINUSE: address already in use :::4000
    at Server.setupListenHandle [as _listen2] (node:net:1948:16)
    at listenInCluster (node:net:2005:12)
    at Server.listen (node:net:2110:7)
    at app.listen (D:\123\server\node_modules\express\lib\application.js:635:24)
    at start (D:\123\server\src\index.ts:14:7)
    at processTicksAndRejections (node:internal/process/task_queues:104:5)
(node:12632) [DEP0169] DeprecationWarning: `url.parse()` behavior is not standardized and prone to errors that have security implications. Use the WHATWG URL API instead. CVEs are not issued for `url.parse()` vulnerabilities.
(Use `node --trace-deprecation ...` to show where the warning was created)
(node:23632) [DEP0169] DeprecationWarning: `url.parse()` behavior is not standardized and prone to errors that have security implications. Use the WHATWG URL API instead. CVEs are not issued for `url.parse()` vulnerabilities.
(Use `node --trace-deprecation ...` to show where the warning was created)
Error: listen EADDRINUSE: address already in use :::4000
    at Server.setupListenHandle [as _listen2] (node:net:1948:16)
    at listenInCluster (node:net:2005:12)
    at Server.listen (node:net:2110:7)
    at app.listen (D:\123\server\node_modules\express\lib\application.js:635:24)
    at start (D:\123\server\src\index.ts:14:7)
    at processTicksAndRejections (node:internal/process/task_queues:104:5)
(node:9296) [DEP0169] DeprecationWarning: `url.parse()` behavior is not standardized and prone to errors that have security implications. Use the WHATWG URL API instead. CVEs are not issued for `url.parse()` vulnerabilities.
(Use `node --trace-deprecation ...` to show where the warning was created)
Error: listen EADDRINUSE: address already in use :::4000
    at Server.setupListenHandle [as _listen2] (node:net:1948:16)
    at listenInCluster (node:net:2005:12)
    at Server.listen (node:net:2110:7)
    at app.listen (D:\123\server\node_modules\express\lib\application.js:635:24)
    at start (D:\123\server\src\index.ts:14:7)
    at processTicksAndRejections (node:internal/process/task_queues:104:5)
(node:23752) [DEP0169] DeprecationWarning: `url.parse()` behavior is not standardized and prone to errors that have security implications. Use the WHATWG URL API instead. CVEs are not issued for `url.parse()` vulnerabilities.
(Use `node --trace-deprecation ...` to show where the warning was created)
Error: listen EADDRINUSE: address already in use :::4000
    at Server.setupListenHandle [as _listen2] (node:net:1948:16)
    at listenInCluster (node:net:2005:12)
    at Server.listen (node:net:2110:7)
    at app.listen (D:\123\server\node_modules\express\lib\application.js:635:24)
    at start (D:\123\server\src\index.ts:14:7)
    at processTicksAndRejections (node:internal/process/task_queues:104:5)
(node:28856) [DEP0169] DeprecationWarning: `url.parse()` behavior is not standardized and prone to errors that have security implications. Use the WHATWG URL API instead. CVEs are not issued for `url.parse()` vulnerabilities.
(Use `node --trace-deprecation ...` to show where the warning was created)
Error: listen EADDRINUSE: address already in use :::4000
    at Server.setupListenHandle [as _listen2] (node:net:1948:16)
    at listenInCluster (node:net:2005:12)
    at Server.listen (node:net:2110:7)
    at app.listen (D:\123\server\node_modules\express\lib\application.js:635:24)
    at start (D:\123\server\src\index.ts:14:7)
    at processTicksAndRejections (node:internal/process/task_queues:104:5)
(node:2836) [DEP0169] DeprecationWarning: `url.parse()` behavior is not standardized and prone to errors that have security implications. Use the WHATWG URL API instead. CVEs are not issued for `url.parse()` vulnerabilities.
(Use `node --trace-deprecation ...` to show where the warning was created)
(node:736) [DEP0169] DeprecationWarning: `url.parse()` behavior is not standardized and prone to errors that have security implications. Use the WHATWG URL API instead. CVEs are not issued for `url.parse()` vulnerabilities.
(Use `node --trace-deprecation ...` to show where the warning was created)
Error: listen EADDRINUSE: address already in use :::4000
    at Server.setupListenHandle [as _listen2] (node:net:1948:16)
    at listenInCluster (node:net:2005:12)
    at Server.listen (node:net:2110:7)
    at app.listen (D:\123\server\node_modules\express\lib\application.js:635:24)
    at start (D:\123\server\src\index.ts:14:7)
    at processTicksAndRejections (node:internal/process/task_queues:104:5)
(node:21820) [DEP0169] DeprecationWarning: `url.parse()` behavior is not standardized and prone to errors that have security implications. Use the WHATWG URL API instead. CVEs are not issued for `url.parse()` vulnerabilities.
(Use `node --trace-deprecation ...` to show where the warning was created)
Error: listen EADDRINUSE: address already in use :::4000
    at Server.setupListenHandle [as _listen2] (node:net:1948:16)
    at listenInCluster (node:net:2005:12)
    at Server.listen (node:net:2110:7)
    at app.listen (D:\123\server\node_modules\express\lib\application.js:635:24)
    at start (D:\123\server\src\index.ts:14:7)
    at processTicksAndRejections (node:internal/process/task_queues:104:5)
(node:24904) [DEP0169] DeprecationWarning: `url.parse()` behavior is not standardized and prone to errors that have security implications. Use the WHATWG URL API instead. CVEs are not issued for `url.parse()` vulnerabilities.
(Use `node --trace-deprecation ...` to show where the warning was created)
Error: listen EADDRINUSE: address already in use :::4000
    at Server.setupListenHandle [as _listen2] (node:net:1948:16)
    at listenInCluster (node:net:2005:12)
    at Server.listen (node:net:2110:7)
    at app.listen (D:\123\server\node_modules\express\lib\application.js:635:24)
    at start (D:\123\server\src\index.ts:14:7)
    at processTicksAndRejections (node:internal/process/task_queues:104:5)
(node:20668) [DEP0169] DeprecationWarning: `url.parse()` behavior is not standardized and prone to errors that have security implications. Use the WHATWG URL API instead. CVEs are not issued for `url.parse()` vulnerabilities.
(Use `node --trace-deprecation ...` to show where the warning was created)
Error: listen EADDRINUSE: address already in use :::4000
    at Server.setupListenHandle [as _listen2] (node:net:1948:16)
    at listenInCluster (node:net:2005:12)
    at Server.listen (node:net:2110:7)
    at app.listen (D:\123\server\node_modules\express\lib\application.js:635:24)
    at start (D:\123\server\src\index.ts:14:7)
    at processTicksAndRejections (node:internal/process/task_queues:104:5)
(node:30220) [DEP0169] DeprecationWarning: `url.parse()` behavior is not standardized and prone to errors that have security implications. Use the WHATWG URL API instead. CVEs are not issued for `url.parse()` vulnerabilities.
(Use `node --trace-deprecation ...` to show where the warning was created)
Error: listen EADDRINUSE: address already in use :::4000
    at Server.setupListenHandle [as _listen2] (node:net:1948:16)
    at listenInCluster (node:net:2005:12)
    at Server.listen (node:net:2110:7)
    at app.listen (D:\123\server\node_modules\express\lib\application.js:635:24)
    at start (D:\123\server\src\index.ts:14:7)
    at processTicksAndRejections (node:internal/process/task_queues:104:5)
(node:14312) [DEP0169] DeprecationWarning: `url.parse()` behavior is not standardized and prone to errors that have security implications. Use the WHATWG URL API instead. CVEs are not issued for `url.parse()` vulnerabilities.
(Use `node --trace-deprecation ...` to show where the warning was created)
Error: listen EADDRINUSE: address already in use :::4000
    at Server.setupListenHandle [as _listen2] (node:net:1948:16)
    at listenInCluster (node:net:2005:12)
    at Server.listen (node:net:2110:7)
    at app.listen (D:\123\server\node_modules\express\lib\application.js:635:24)
    at start (D:\123\server\src\index.ts:14:7)
    at processTicksAndRejections (node:internal/process/task_queues:104:5)
(node:24404) [DEP0169] DeprecationWarning: `url.parse()` behavior is not standardized and prone to errors that have security implications. Use the WHATWG URL API instead. CVEs are not issued for `url.parse()` vulnerabilities.
(Use `node --trace-deprecation ...` to show where the warning was created)
Error: listen EADDRINUSE: address already in use :::4000
    at Server.setupListenHandle [as _listen2] (node:net:1948:16)
    at listenInCluster (node:net:2005:12)
    at Server.listen (node:net:2110:7)
    at app.listen (D:\123\server\node_modules\express\lib\application.js:635:24)
    at start (D:\123\server\src\index.ts:14:7)
    at processTicksAndRejections (node:internal/process/task_queues:104:5)
(node:22420) [DEP0169] DeprecationWarning: `url.parse()` behavior is not standardized and prone to errors that have security implications. Use the WHATWG URL API instead. CVEs are not issued for `url.parse()` vulnerabilities.
(Use `node --trace-deprecation ...` to show where the warning was created)
Error: listen EADDRINUSE: address already in use :::4000
    at Server.setupListenHandle [as _listen2] (node:net:1948:16)
    at listenInCluster (node:net:2005:12)
    at Server.listen (node:net:2110:7)
    at app.listen (D:\123\server\node_modules\express\lib\application.js:635:24)
    at start (D:\123\server\src\index.ts:14:7)
    at processTicksAndRejections (node:internal/process/task_queues:104:5)
(node:29372) [DEP0169] DeprecationWarning: `url.parse()` behavior is not standardized and prone to errors that have security implications. Use the WHATWG URL API instead. CVEs are not issued for `url.parse()` vulnerabilities.
(Use `node --trace-deprecation ...` to show where the warning was created)
Error: listen EADDRINUSE: address already in use :::4000
    at Server.setupListenHandle [as _listen2] (node:net:1948:16)
    at listenInCluster (node:net:2005:12)
    at Server.listen (node:net:2110:7)
    at app.listen (D:\123\server\node_modules\express\lib\application.js:635:24)
    at start (D:\123\server\src\index.ts:14:7)
    at processTicksAndRejections (node:internal/process/task_queues:104:5)
(node:19120) [DEP0169] DeprecationWarning: `url.parse()` behavior is not standardized and prone to errors that have security implications. Use the WHATWG URL API instead. CVEs are not issued for `url.parse()` vulnerabilities.
(Use `node --trace-deprecation ...` to show where the warning was created)
Error: listen EADDRINUSE: address already in use :::4000
    at Server.setupListenHandle [as _listen2] (node:net:1948:16)
    at listenInCluster (node:net:2005:12)
    at Server.listen (node:net:2110:7)
    at app.listen (D:\123\server\node_modules\express\lib\application.js:635:24)
    at start (D:\123\server\src\index.ts:14:7)
    at processTicksAndRejections (node:internal/process/task_queues:104:5)
(node:9736) [DEP0169] DeprecationWarning: `url.parse()` behavior is not standardized and prone to errors that have security implications. Use the WHATWG URL API instead. CVEs are not issued for `url.parse()` vulnerabilities.
(Use `node --trace-deprecation ...` to show where the warning was created)
Error: listen EADDRINUSE: address already in use :::4000
    at Server.setupListenHandle [as _listen2] (node:net:1948:16)
    at listenInCluster (node:net:2005:12)
    at Server.listen (node:net:2110:7)
    at app.listen (D:\123\server\node_modules\express\lib\application.js:635:24)
    at start (D:\123\server\src\index.ts:14:7)
    at processTicksAndRejections (node:internal/process/task_queues:104:5)
(node:18168) [DEP0169] DeprecationWarning: `url.parse()` behavior is not standardized and prone to errors that have security implications. Use the WHATWG URL API instead. CVEs are not issued for `url.parse()` vulnerabilities.
(Use `node --trace-deprecation ...` to show where the warning was created)
Error: listen EADDRINUSE: address already in use :::4000
    at Server.setupListenHandle [as _listen2] (node:net:1948:16)
    at listenInCluster (node:net:2005:12)
    at Server.listen (node:net:2110:7)
    at app.listen (D:\123\server\node_modules\express\lib\application.js:635:24)
    at start (D:\123\server\src\index.ts:14:7)
    at processTicksAndRejections (node:internal/process/task_queues:104:5)
(node:16232) [DEP0169] DeprecationWarning: `url.parse()` behavior is not standardized and prone to errors that have security implications. Use the WHATWG URL API instead. CVEs are not issued for `url.parse()` vulnerabilities.
(Use `node --trace-deprecation ...` to show where the warning was created)
Error: listen EADDRINUSE: address already in use :::4000
    at Server.setupListenHandle [as _listen2] (node:net:1948:16)
    at listenInCluster (node:net:2005:12)
    at Server.listen (node:net:2110:7)
    at app.listen (D:\123\server\node_modules\express\lib\application.js:635:24)
    at start (D:\123\server\src\index.ts:14:7)
    at processTicksAndRejections (node:internal/process/task_queues:104:5)
(node:26524) [DEP0169] DeprecationWarning: `url.parse()` behavior is not standardized and prone to errors that have security implications. Use the WHATWG URL API instead. CVEs are not issued for `url.parse()` vulnerabilities.
(Use `node --trace-deprecation ...` to show where the warning was created)
Error: listen EADDRINUSE: address already in use :::4000
    at Server.setupListenHandle [as _listen2] (node:net:1948:16)
    at listenInCluster (node:net:2005:12)
    at Server.listen (node:net:2110:7)
    at app.listen (D:\123\server\node_modules\express\lib\application.js:635:24)
    at start (D:\123\server\src\index.ts:14:7)
    at processTicksAndRejections (node:internal/process/task_queues:104:5)
(node:21164) [DEP0169] DeprecationWarning: `url.parse()` behavior is not standardized and prone to errors that have security implications. Use the WHATWG URL API instead. CVEs are not issued for `url.parse()` vulnerabilities.
(Use `node --trace-deprecation ...` to show where the warning was created)
Error: listen EADDRINUSE: address already in use :::4000
    at Server.setupListenHandle [as _listen2] (node:net:1948:16)
    at listenInCluster (node:net:2005:12)
    at Server.listen (node:net:2110:7)
    at app.listen (D:\123\server\node_modules\express\lib\application.js:635:24)
    at start (D:\123\server\src\index.ts:14:7)
    at processTicksAndRejections (node:internal/process/task_queues:104:5)
(node:27608) [DEP0169] DeprecationWarning: `url.parse()` behavior is not standardized and prone to errors that have security implications. Use the WHATWG URL API instead. CVEs are not issued for `url.parse()` vulnerabilities.
(Use `node --trace-deprecation ...` to show where the warning was created)
Error: listen EADDRINUSE: address already in use :::4000
    at Server.setupListenHandle [as _listen2] (node:net:1948:16)
    at listenInCluster (node:net:2005:12)
    at Server.listen (node:net:2110:7)
    at app.listen (D:\123\server\node_modules\express\lib\application.js:635:24)
    at start (D:\123\server\src\index.ts:14:7)
    at processTicksAndRejections (node:internal/process/task_queues:104:5)
(node:16660) [DEP0169] DeprecationWarning: `url.parse()` behavior is not standardized and prone to errors that have security implications. Use the WHATWG URL API instead. CVEs are not issued for `url.parse()` vulnerabilities.
(Use `node --trace-deprecation ...` to show where the warning was created)
Error: listen EADDRINUSE: address already in use :::4000
    at Server.setupListenHandle [as _listen2] (node:net:1948:16)
    at listenInCluster (node:net:2005:12)
    at Server.listen (node:net:2110:7)
    at app.listen (D:\123\server\node_modules\express\lib\application.js:635:24)
    at start (D:\123\server\src\index.ts:14:7)
    at processTicksAndRejections (node:internal/process/task_queues:104:5)
vulnerabilities.
(Use `node --trace-deprecation ...` to show where the warning was created)
Error: listen EADDRINUSE: address already in use :::4000
    at Server.setupListenHandle [as _listen2] (node:net:1948:16)
    at listenInCluster (node:net:2005:12)
    at Server.listen (node:net:2110:7)
    at app.listen (D:\123\server\node_modules\express\lib\application.js:635:24)
    at start (D:\123\server\src\index.ts:14:7)
    at processTicksAndRejections (node:internal/process/task_queues:104:5)
(node:24220) [DEP0169] DeprecationWarning: `url.parse()` behavior is not standardized and prone to errors that have security implications. Use the WHATWG URL API instead. CVEs are not issued for `url.parse()` vulnerabilities.
(Use `node --trace-deprecation ...` to show where the warning was created)
Error: listen EADDRINUSE: address already in use :::4000
    at Server.setupListenHandle [as _listen2] (node:net:1948:16)
    at listenInCluster (node:net:2005:12)
    at Server.listen (node:net:2110:7)
    at app.listen (D:\123\server\node_modules\express\lib\application.js:635:24)
    at start (D:\123\server\src\index.ts:14:7)
    at processTicksAndRejections (node:internal/process/task_queues:104:5)
(node:23268) [DEP0169] DeprecationWarning: `url.parse()` behavior is not standardized and prone to errors that have security implications. Use the WHATWG URL API instead. CVEs are not issued for `url.parse()` vulnerabilities.
(Use `node --trace-deprecation ...` to show where the warning was created)
Error: listen EADDRINUSE: address already in use :::4000
    at Server.setupListenHandle [as _listen2] (node:net:1948:16)
    at listenInCluster (node:net:2005:12)
    at Server.listen (node:net:2110:7)
    at app.listen (D:\123\server\node_modules\express\lib\application.js:635:24)
    at start (D:\123\server\src\index.ts:14:7)
    at processTicksAndRejections (node:internal/process/task_queues:104:5)
(node:29528) [DEP0169] DeprecationWarning: `url.parse()` behavior is not standardized and prone to errors that have security implications. Use the WHATWG URL API instead. CVEs are not issued for `url.parse()` vulnerabilities.
(Use `node --trace-deprecation ...` to show where the warning was created)
Error: listen EADDRINUSE: address already in use :::4000
    at Server.setupListenHandle [as _listen2] (node:net:1948:16)
    at listenInCluster (node:net:2005:12)
    at Server.listen (node:net:2110:7)
    at app.listen (D:\123\server\node_modules\express\lib\application.js:635:24)
    at start (D:\123\server\src\index.ts:14:7)
    at processTicksAndRejections (node:internal/process/task_queues:104:5)
